This is pdfTeX, Version 3.141592653-2.6-1.40.25 (TeX Live 2023/nixos.org) (preloaded format=pdflatex 1980.1.1)  23 AUG 2024 15:46
entering extended mode
 restricted \write18 enabled.
 %&-line parsing enabled.
**./tex/content.tex
(./tex/content.tex
LaTeX2e <2023-11-01> patch level 1
L3 programming layer <2024-02-20>

(/nix/store/yrl2adq1vnn9xwcz3iid1f79357x620y-texlive-combined-2023-texmfdist/te
x/latex/base/article.cls
Document Class: article 2023/05/17 v1.4n Standard LaTeX document class

(/nix/store/yrl2adq1vnn9xwcz3iid1f79357x620y-texlive-combined-2023-texmfdist/te
x/latex/base/size10.clo
File: size10.clo 2023/05/17 v1.4n Standard LaTeX file (size option)
)
\c@part=\count188
\c@section=\count189
\c@subsection=\count190
\c@subsubsection=\count191
\c@paragraph=\count192
\c@subparagraph=\count193
\c@figure=\count194
\c@table=\count195
\abovecaptionskip=\skip48
\belowcaptionskip=\skip49
\bibindent=\dimen140
)
(/nix/store/yrl2adq1vnn9xwcz3iid1f79357x620y-texlive-combined-2023-texmfdist/te
x/latex/amsfonts/amsfonts.sty
Package: amsfonts 2013/01/14 v3.01 Basic AMSFonts support
\@emptytoks=\toks17
\symAMSa=\mathgroup4
\symAMSb=\mathgroup5
LaTeX Font Info:    Redeclaring math symbol \hbar on input line 98.
LaTeX Font Info:    Overwriting math alphabet `\mathfrak' in version `bold'
(Font)                  U/euf/m/n --> U/euf/b/n on input line 106.
)
(/nix/store/yrl2adq1vnn9xwcz3iid1f79357x620y-texlive-combined-2023-texmfdist/te
x/latex/amsmath/amsmath.sty
Package: amsmath 2023/05/13 v2.17o AMS math features
\@mathmargin=\skip50

For additional information on amsmath, use the `?' option.

(/nix/store/yrl2adq1vnn9xwcz3iid1f79357x620y-texlive-combined-2023-texmfdist/te
x/latex/amsmath/amstext.sty
Package: amstext 2021/08/26 v2.01 AMS text

(/nix/store/yrl2adq1vnn9xwcz3iid1f79357x620y-texlive-combined-2023-texmfdist/te
x/latex/amsmath/amsgen.sty
File: amsgen.sty 1999/11/30 v2.0 generic functions
\@emptytoks=\toks18
\ex@=\dimen141
))
(/nix/store/yrl2adq1vnn9xwcz3iid1f79357x620y-texlive-combined-2023-texmfdist/te
x/latex/amsmath/amsbsy.sty
Package: amsbsy 1999/11/29 v1.2d Bold Symbols
\pmbraise@=\dimen142
)
(/nix/store/yrl2adq1vnn9xwcz3iid1f79357x620y-texlive-combined-2023-texmfdist/te
x/latex/amsmath/amsopn.sty
Package: amsopn 2022/04/08 v2.04 operator names
)
\inf@bad=\count196
LaTeX Info: Redefining \frac on input line 234.
\uproot@=\count197
\leftroot@=\count198
LaTeX Info: Redefining \overline on input line 399.
LaTeX Info: Redefining \colon on input line 410.
\classnum@=\count199
\DOTSCASE@=\count266
LaTeX Info: Redefining \ldots on input line 496.
LaTeX Info: Redefining \dots on input line 499.
LaTeX Info: Redefining \cdots on input line 620.
\Mathstrutbox@=\box51
\strutbox@=\box52
LaTeX Info: Redefining \big on input line 722.
LaTeX Info: Redefining \Big on input line 723.
LaTeX Info: Redefining \bigg on input line 724.
LaTeX Info: Redefining \Bigg on input line 725.
\big@size=\dimen143
LaTeX Font Info:    Redeclaring font encoding OML on input line 743.
LaTeX Font Info:    Redeclaring font encoding OMS on input line 744.
\macc@depth=\count267
LaTeX Info: Redefining \bmod on input line 905.
LaTeX Info: Redefining \pmod on input line 910.
LaTeX Info: Redefining \smash on input line 940.
LaTeX Info: Redefining \relbar on input line 970.
LaTeX Info: Redefining \Relbar on input line 971.
\c@MaxMatrixCols=\count268
\dotsspace@=\muskip16
\c@parentequation=\count269
\dspbrk@lvl=\count270
\tag@help=\toks19
\row@=\count271
\column@=\count272
\maxfields@=\count273
\andhelp@=\toks20
\eqnshift@=\dimen144
\alignsep@=\dimen145
\tagshift@=\dimen146
\tagwidth@=\dimen147
\totwidth@=\dimen148
\lineht@=\dimen149
\@envbody=\toks21
\multlinegap=\skip51
\multlinetaggap=\skip52
\mathdisplay@stack=\toks22
LaTeX Info: Redefining \[ on input line 2953.
LaTeX Info: Redefining \] on input line 2954.
)
(/nix/store/yrl2adq1vnn9xwcz3iid1f79357x620y-texlive-combined-2023-texmfdist/te
x/latex/lipsum/lipsum.sty
(/nix/store/yrl2adq1vnn9xwcz3iid1f79357x620y-texlive-combined-2023-texmfdist/te
x/latex/l3packages/l3keys2e/l3keys2e.sty
(/nix/store/yrl2adq1vnn9xwcz3iid1f79357x620y-texlive-combined-2023-texmfdist/te
x/latex/l3kernel/expl3.sty
Package: expl3 2024-02-20 L3 programming layer (loader) 

(/nix/store/yrl2adq1vnn9xwcz3iid1f79357x620y-texlive-combined-2023-texmfdist/te
x/latex/l3backend/l3backend-pdftex.def
File: l3backend-pdftex.def 2024-02-20 L3 backend support: PDF output (pdfTeX)
\l__color_backend_stack_int=\count274
\l__pdf_internal_box=\box53
))
Package: l3keys2e 2024-02-18 LaTeX2e option processing using LaTeX3 keys
)
Package: lipsum 2021-09-20 v2.7 150 paragraphs of Lorem Ipsum dummy text
\g__lipsum_par_int=\count275
\l__lipsum_a_int=\count276
\l__lipsum_b_int=\count277

(/nix/store/yrl2adq1vnn9xwcz3iid1f79357x620y-texlive-combined-2023-texmfdist/te
x/latex/lipsum/lipsum.ltd.tex)) (./tex/layout.tex
(/nix/store/yrl2adq1vnn9xwcz3iid1f79357x620y-texlive-combined-2023-texmfdist/te
x/latex/dejavu/DejaVuSerif.sty
Package: DejaVuSerif 2011/06/01 Style file for DejaVuSerif.

(/nix/store/yrl2adq1vnn9xwcz3iid1f79357x620y-texlive-combined-2023-texmfdist/te
x/latex/graphics/keyval.sty
Package: keyval 2022/05/29 v1.15 key=value parser (DPC)
\KV@toks@=\toks23
))
(/nix/store/yrl2adq1vnn9xwcz3iid1f79357x620y-texlive-combined-2023-texmfdist/te
x/latex/base/fontenc.sty
Package: fontenc 2021/04/29 v2.0v Standard LaTeX package
LaTeX Font Info:    Trying to load font information for T1+DejaVuSerif-TLF on i
nput line 112.

(/nix/store/yrl2adq1vnn9xwcz3iid1f79357x620y-texlive-combined-2023-texmfdist/te
x/latex/dejavu/T1DejaVuSerif-TLF.fd
File: T1DejaVuSerif-TLF.fd 2011/06/01 Font definitions for T1/DejaVuSerif-TLF.
))
(/nix/store/yrl2adq1vnn9xwcz3iid1f79357x620y-texlive-combined-2023-texmfdist/te
x/latex/geometry/geometry.sty
Package: geometry 2020/01/02 v5.9 Page Geometry

(/nix/store/yrl2adq1vnn9xwcz3iid1f79357x620y-texlive-combined-2023-texmfdist/te
x/generic/iftex/ifvtex.sty
Package: ifvtex 2019/10/25 v1.7 ifvtex legacy package. Use iftex instead.

(/nix/store/yrl2adq1vnn9xwcz3iid1f79357x620y-texlive-combined-2023-texmfdist/te
x/generic/iftex/iftex.sty
Package: iftex 2022/02/03 v1.0f TeX engine tests
))
\Gm@cnth=\count278
\Gm@cntv=\count279
\c@Gm@tempcnt=\count280
\Gm@bindingoffset=\dimen150
\Gm@wd@mp=\dimen151
\Gm@odd@mp=\dimen152
\Gm@even@mp=\dimen153
\Gm@layoutwidth=\dimen154
\Gm@layoutheight=\dimen155
\Gm@layouthoffset=\dimen156
\Gm@layoutvoffset=\dimen157
\Gm@dimlist=\toks24
)) (./tex/preamble.tex (./tex/preamble/amsthm.tex
(/nix/store/yrl2adq1vnn9xwcz3iid1f79357x620y-texlive-combined-2023-texmfdist/te
x/latex/amscls/amsthm.sty
Package: amsthm 2020/05/29 v2.20.6
\thm@style=\toks25
\thm@bodyfont=\toks26
\thm@headfont=\toks27
\thm@notefont=\toks28
\thm@headpunct=\toks29
\thm@preskip=\skip53
\thm@postskip=\skip54
\thm@headsep=\skip55
\dth@everypar=\toks30
)
(/nix/store/yrl2adq1vnn9xwcz3iid1f79357x620y-texlive-combined-2023-texmfdist/te
x/latex/thmtools/thmtools.sty
Package: thmtools 2023/05/04 v0.76
\thmt@toks=\toks31
\c@thmt@dummyctr=\count281

(/nix/store/yrl2adq1vnn9xwcz3iid1f79357x620y-texlive-combined-2023-texmfdist/te
x/latex/thmtools/thm-patch.sty
Package: thm-patch 2023/05/04 v0.76

(/nix/store/yrl2adq1vnn9xwcz3iid1f79357x620y-texlive-combined-2023-texmfdist/te
x/latex/thmtools/parseargs.sty
Package: parseargs 2023/05/04 v0.76
\@parsespec=\toks32
))
(/nix/store/yrl2adq1vnn9xwcz3iid1f79357x620y-texlive-combined-2023-texmfdist/te
x/latex/thmtools/thm-kv.sty
Package: thm-kv 2023/05/04 v0.76
Package thm-kv Info: Theorem names will be uppercased on input line 42.

(/nix/store/yrl2adq1vnn9xwcz3iid1f79357x620y-texlive-combined-2023-texmfdist/te
x/latex/kvsetkeys/kvsetkeys.sty
Package: kvsetkeys 2022-10-05 v1.19 Key value parser (HO)
)
Package thm-kv Info: kvsetkeys patch (v1.16 or later) on input line 158.
)
(/nix/store/yrl2adq1vnn9xwcz3iid1f79357x620y-texlive-combined-2023-texmfdist/te
x/latex/thmtools/thm-autoref.sty
Package: thm-autoref 2023/05/04 v0.76

(/nix/store/yrl2adq1vnn9xwcz3iid1f79357x620y-texlive-combined-2023-texmfdist/te
x/latex/thmtools/aliasctr.sty
Package: aliasctr 2023/05/04 v0.76
))
(/nix/store/yrl2adq1vnn9xwcz3iid1f79357x620y-texlive-combined-2023-texmfdist/te
x/latex/thmtools/thm-listof.sty
Package: thm-listof 2023/05/04 v0.76
)
(/nix/store/yrl2adq1vnn9xwcz3iid1f79357x620y-texlive-combined-2023-texmfdist/te
x/latex/thmtools/thm-restate.sty
Package: thm-restate 2023/05/04 v0.76
)
(/nix/store/yrl2adq1vnn9xwcz3iid1f79357x620y-texlive-combined-2023-texmfdist/te
x/latex/thmtools/thm-amsthm.sty
Package: thm-amsthm 2023/05/04 v0.76
\thmt@style@headstyle=\toks33
))
(/nix/store/yrl2adq1vnn9xwcz3iid1f79357x620y-texlive-combined-2023-texmfdist/te
x/latex/etoolbox/etoolbox.sty
Package: etoolbox 2020/10/05 v2.5k e-TeX tools for LaTeX (JAW)
\etb@tempcnta=\count282
) (./tex/preamble/amsthm/amsthm-style.tex
(./tex/preamble/amsthm/preamble.tex))
\c@definition=\count283
\c@proposition=\count284
\c@theorem=\count285
) (./tex/preamble/fancyhdr.tex
(/nix/store/yrl2adq1vnn9xwcz3iid1f79357x620y-texlive-combined-2023-texmfdist/te
x/latex/fancyhdr/fancyhdr.sty
Package: fancyhdr 2022/11/09 v4.1 Extensive control of page headers and footers

\f@nch@headwidth=\skip56
\f@nch@O@elh=\skip57
\f@nch@O@erh=\skip58
\f@nch@O@olh=\skip59
\f@nch@O@orh=\skip60
\f@nch@O@elf=\skip61
\f@nch@O@erf=\skip62
\f@nch@O@olf=\skip63
\f@nch@O@orf=\skip64
)) (./tex/preamble/titlesec.tex
(/nix/store/yrl2adq1vnn9xwcz3iid1f79357x620y-texlive-combined-2023-texmfdist/te
x/latex/titlesec/titlesec.sty
Package: titlesec 2023/10/27 v2.16 Sectioning titles
\ttl@box=\box54
\beforetitleunit=\skip65
\aftertitleunit=\skip66
\ttl@plus=\dimen158
\ttl@minus=\dimen159
\ttl@toksa=\toks34
\titlewidth=\dimen160
\titlewidthlast=\dimen161
\titlewidthfirst=\dimen162
)) (./tex/preamble/xcolor.tex
(/nix/store/yrl2adq1vnn9xwcz3iid1f79357x620y-texlive-combined-2023-texmfdist/te
x/latex/xcolor/xcolor.sty
Package: xcolor 2023/11/15 v3.01 LaTeX color extensions (UK)

(/nix/store/yrl2adq1vnn9xwcz3iid1f79357x620y-texlive-combined-2023-texmfdist/te
x/latex/graphics-cfg/color.cfg
File: color.cfg 2016/01/02 v1.6 sample color configuration
)
Package xcolor Info: Driver file: pdftex.def on input line 274.

(/nix/store/yrl2adq1vnn9xwcz3iid1f79357x620y-texlive-combined-2023-texmfdist/te
x/latex/graphics-def/pdftex.def
File: pdftex.def 2022/09/22 v1.2b Graphics/color driver for pdftex
)
(/nix/store/yrl2adq1vnn9xwcz3iid1f79357x620y-texlive-combined-2023-texmfdist/te
x/latex/graphics/mathcolor.ltx)
Package xcolor Info: Model `cmy' substituted by `cmy0' on input line 1350.
Package xcolor Info: Model `hsb' substituted by `rgb' on input line 1354.
Package xcolor Info: Model `RGB' extended on input line 1366.
Package xcolor Info: Model `HTML' substituted by `rgb' on input line 1368.
Package xcolor Info: Model `Hsb' substituted by `hsb' on input line 1369.
Package xcolor Info: Model `tHsb' substituted by `hsb' on input line 1370.
Package xcolor Info: Model `HSB' substituted by `hsb' on input line 1371.
Package xcolor Info: Model `Gray' substituted by `gray' on input line 1372.
Package xcolor Info: Model `wave' substituted by `hsb' on input line 1373.
)
(/nix/store/yrl2adq1vnn9xwcz3iid1f79357x620y-texlive-combined-2023-texmfdist/te
x/latex/graphics/dvipsnam.def
File: dvipsnam.def 2016/06/17 v3.0m Driver-dependent file (DPC,SPQR)
)) (./tex/preamble/hyperref.tex
(/nix/store/yrl2adq1vnn9xwcz3iid1f79357x620y-texlive-combined-2023-texmfdist/te
x/latex/hyperref/hyperref.sty
Package: hyperref 2024-01-20 v7.01h Hypertext links for LaTeX

(/nix/store/yrl2adq1vnn9xwcz3iid1f79357x620y-texlive-combined-2023-texmfdist/te
x/generic/kvdefinekeys/kvdefinekeys.sty
Package: kvdefinekeys 2019-12-19 v1.6 Define keys (HO)
)
(/nix/store/yrl2adq1vnn9xwcz3iid1f79357x620y-texlive-combined-2023-texmfdist/te
x/generic/pdfescape/pdfescape.sty
Package: pdfescape 2019/12/09 v1.15 Implements pdfTeX's escape features (HO)

(/nix/store/yrl2adq1vnn9xwcz3iid1f79357x620y-texlive-combined-2023-texmfdist/te
x/generic/ltxcmds/ltxcmds.sty
Package: ltxcmds 2023-12-04 v1.26 LaTeX kernel commands for general use (HO)
)
(/nix/store/yrl2adq1vnn9xwcz3iid1f79357x620y-texlive-combined-2023-texmfdist/te
x/generic/pdftexcmds/pdftexcmds.sty
Package: pdftexcmds 2020-06-27 v0.33 Utility functions of pdfTeX for LuaTeX (HO
)

(/nix/store/yrl2adq1vnn9xwcz3iid1f79357x620y-texlive-combined-2023-texmfdist/te
x/generic/infwarerr/infwarerr.sty
Package: infwarerr 2019/12/03 v1.5 Providing info/warning/error messages (HO)
)
Package pdftexcmds Info: \pdf@primitive is available.
Package pdftexcmds Info: \pdf@ifprimitive is available.
Package pdftexcmds Info: \pdfdraftmode found.
))
(/nix/store/yrl2adq1vnn9xwcz3iid1f79357x620y-texlive-combined-2023-texmfdist/te
x/latex/hycolor/hycolor.sty
Package: hycolor 2020-01-27 v1.10 Color options for hyperref/bookmark (HO)
)
(/nix/store/yrl2adq1vnn9xwcz3iid1f79357x620y-texlive-combined-2023-texmfdist/te
x/latex/auxhook/auxhook.sty
Package: auxhook 2019-12-17 v1.6 Hooks for auxiliary files (HO)
)
(/nix/store/yrl2adq1vnn9xwcz3iid1f79357x620y-texlive-combined-2023-texmfdist/te
x/latex/hyperref/nameref.sty
Package: nameref 2023-11-26 v2.56 Cross-referencing by name of section

(/nix/store/yrl2adq1vnn9xwcz3iid1f79357x620y-texlive-combined-2023-texmfdist/te
x/latex/refcount/refcount.sty
Package: refcount 2019/12/15 v3.6 Data extraction from label references (HO)
)
(/nix/store/yrl2adq1vnn9xwcz3iid1f79357x620y-texlive-combined-2023-texmfdist/te
x/generic/gettitlestring/gettitlestring.sty
Package: gettitlestring 2019/12/15 v1.6 Cleanup title references (HO)

(/nix/store/yrl2adq1vnn9xwcz3iid1f79357x620y-texlive-combined-2023-texmfdist/te
x/latex/kvoptions/kvoptions.sty
Package: kvoptions 2022-06-15 v3.15 Key value format for package options (HO)
))
\c@section@level=\count286
)
\@linkdim=\dimen163
\Hy@linkcounter=\count287
\Hy@pagecounter=\count288

(/nix/store/yrl2adq1vnn9xwcz3iid1f79357x620y-texlive-combined-2023-texmfdist/te
x/latex/hyperref/pd1enc.def
File: pd1enc.def 2024-01-20 v7.01h Hyperref: PDFDocEncoding definition (HO)
Now handling font encoding PD1 ...
... no UTF-8 mapping file for font encoding PD1
)
(/nix/store/yrl2adq1vnn9xwcz3iid1f79357x620y-texlive-combined-2023-texmfdist/te
x/generic/intcalc/intcalc.sty
Package: intcalc 2019/12/15 v1.3 Expandable calculations with integers (HO)
)
\Hy@SavedSpaceFactor=\count289

(/nix/store/yrl2adq1vnn9xwcz3iid1f79357x620y-texlive-combined-2023-texmfdist/te
x/latex/hyperref/puenc.def
File: puenc.def 2024-01-20 v7.01h Hyperref: PDF Unicode definition (HO)
Now handling font encoding PU ...
... no UTF-8 mapping file for font encoding PU
)
Package hyperref Info: Hyper figures OFF on input line 4179.
Package hyperref Info: Link nesting OFF on input line 4184.
Package hyperref Info: Hyper index ON on input line 4187.
Package hyperref Info: Plain pages OFF on input line 4194.
Package hyperref Info: Backreferencing OFF on input line 4199.
Package hyperref Info: Implicit mode ON; LaTeX internals redefined.
Package hyperref Info: Bookmarks ON on input line 4446.
\c@Hy@tempcnt=\count290

(/nix/store/yrl2adq1vnn9xwcz3iid1f79357x620y-texlive-combined-2023-texmfdist/te
x/latex/url/url.sty
\Urlmuskip=\muskip17
Package: url 2013/09/16  ver 3.4  Verb mode for urls, etc.
)
LaTeX Info: Redefining \url on input line 4784.
\XeTeXLinkMargin=\dimen164

(/nix/store/yrl2adq1vnn9xwcz3iid1f79357x620y-texlive-combined-2023-texmfdist/te
x/generic/bitset/bitset.sty
Package: bitset 2019/12/09 v1.3 Handle bit-vector datatype (HO)

(/nix/store/yrl2adq1vnn9xwcz3iid1f79357x620y-texlive-combined-2023-texmfdist/te
x/generic/bigintcalc/bigintcalc.sty
Package: bigintcalc 2019/12/15 v1.5 Expandable calculations on big integers (HO
)
))
\Fld@menulength=\count291
\Field@Width=\dimen165
\Fld@charsize=\dimen166
Package hyperref Info: Hyper figures OFF on input line 6063.
Package hyperref Info: Link nesting OFF on input line 6068.
Package hyperref Info: Hyper index ON on input line 6071.
Package hyperref Info: backreferencing OFF on input line 6078.
Package hyperref Info: Link coloring OFF on input line 6083.
Package hyperref Info: Link coloring with OCG OFF on input line 6088.
Package hyperref Info: PDF/A mode OFF on input line 6093.

(/nix/store/yrl2adq1vnn9xwcz3iid1f79357x620y-texlive-combined-2023-texmfdist/te
x/latex/base/atbegshi-ltx.sty
Package: atbegshi-ltx 2021/01/10 v1.0c Emulation of the original atbegshi
package with kernel methods
)
\Hy@abspage=\count292
\c@Item=\count293
\c@Hfootnote=\count294
)
Package hyperref Info: Driver (autodetected): hpdftex.

(/nix/store/yrl2adq1vnn9xwcz3iid1f79357x620y-texlive-combined-2023-texmfdist/te
x/latex/hyperref/hpdftex.def
File: hpdftex.def 2024-01-20 v7.01h Hyperref driver for pdfTeX

(/nix/store/yrl2adq1vnn9xwcz3iid1f79357x620y-texlive-combined-2023-texmfdist/te
x/latex/base/atveryend-ltx.sty
Package: atveryend-ltx 2020/08/19 v1.0a Emulation of the original atveryend pac
kage
with kernel methods
)
\Fld@listcount=\count295
\c@bookmark@seq@number=\count296

(/nix/store/yrl2adq1vnn9xwcz3iid1f79357x620y-texlive-combined-2023-texmfdist/te
x/latex/rerunfilecheck/rerunfilecheck.sty
Package: rerunfilecheck 2022-07-10 v1.10 Rerun checks for auxiliary files (HO)

(/nix/store/yrl2adq1vnn9xwcz3iid1f79357x620y-texlive-combined-2023-texmfdist/te
x/generic/uniquecounter/uniquecounter.sty
Package: uniquecounter 2019/12/15 v1.4 Provide unlimited unique counter (HO)
)
Package uniquecounter Info: New unique counter `rerunfilecheck' on input line 2
85.
)
\Hy@SectionHShift=\skip67
)
Package hyperref Info: Option `colorlinks' set `true' on input line 13.
)) (./out/notes.aux)
\openout1 = `./out/notes.aux'.

LaTeX Font Info:    Checking defaults for OML/cmm/m/it on input line 12.
LaTeX Font Info:    ... okay on input line 12.
LaTeX Font Info:    Checking defaults for OMS/cmsy/m/n on input line 12.
LaTeX Font Info:    ... okay on input line 12.
LaTeX Font Info:    Checking defaults for OT1/cmr/m/n on input line 12.
LaTeX Font Info:    ... okay on input line 12.
LaTeX Font Info:    Checking defaults for T1/cmr/m/n on input line 12.
LaTeX Font Info:    ... okay on input line 12.
LaTeX Font Info:    Checking defaults for TS1/cmr/m/n on input line 12.
LaTeX Font Info:    ... okay on input line 12.
LaTeX Font Info:    Checking defaults for OMX/cmex/m/n on input line 12.
LaTeX Font Info:    ... okay on input line 12.
LaTeX Font Info:    Checking defaults for U/cmr/m/n on input line 12.
LaTeX Font Info:    ... okay on input line 12.
LaTeX Font Info:    Checking defaults for PD1/pdf/m/n on input line 12.
LaTeX Font Info:    ... okay on input line 12.
LaTeX Font Info:    Checking defaults for PU/pdf/m/n on input line 12.
LaTeX Font Info:    ... okay on input line 12.

*geometry* driver: auto-detecting
*geometry* detected driver: pdftex
*geometry* verbose mode - [ preamble ] result:
* driver: pdftex
* paper: a4paper
* layout: <same size as paper>
* layoutoffset:(h,v)=(0.0pt,0.0pt)
* modes: 
* h-part:(L,W,R)=(56.9055pt, 483.69687pt, 56.9055pt)
* v-part:(T,H,B)=(56.9055pt, 731.23584pt, 56.9055pt)
* \paperwidth=597.50787pt
* \paperheight=845.04684pt
* \textwidth=483.69687pt
* \textheight=731.23584pt
* \oddsidemargin=-15.36449pt
* \evensidemargin=-15.36449pt
* \topmargin=-52.36449pt
* \headheight=16.0pt
* \headsep=25.0pt
* \topskip=10.0pt
* \footskip=30.0pt
* \marginparwidth=65.0pt
* \marginparsep=11.0pt
* \columnsep=10.0pt
* \skip\footins=9.0pt plus 4.0pt minus 2.0pt
* \hoffset=0.0pt
* \voffset=0.0pt
* \mag=1000
* \@twocolumnfalse
* \@twosidefalse
* \@mparswitchfalse
* \@reversemarginfalse
* (1in=72.27pt=25.4mm, 1cm=28.453pt)


(/nix/store/yrl2adq1vnn9xwcz3iid1f79357x620y-texlive-combined-2023-texmfdist/te
x/context/base/mkii/supp-pdf.mkii
[Loading MPS to PDF converter (version 2006.09.02).]
\scratchcounter=\count297
\scratchdimen=\dimen167
\scratchbox=\box55
\nofMPsegments=\count298
\nofMParguments=\count299
\everyMPshowfont=\toks35
\MPscratchCnt=\count300
\MPscratchDim=\dimen168
\MPnumerator=\count301
\makeMPintoPDFobject=\count302
\everyMPtoPDFconversion=\toks36
)
Package hyperref Info: Link coloring ON on input line 12.
 (./out/notes.out) (./out/notes.out)
\@outlinefile=\write3
\openout3 = `./out/notes.out'.

 (./tex/content/titlepage.tex
LaTeX Font Info:    Trying to load font information for U+msa on input line 20.


(/nix/store/yrl2adq1vnn9xwcz3iid1f79357x620y-texlive-combined-2023-texmfdist/te
x/latex/amsfonts/umsa.fd
File: umsa.fd 2013/01/14 v3.01 AMS symbols A
)
LaTeX Font Info:    Trying to load font information for U+msb on input line 20.


(/nix/store/yrl2adq1vnn9xwcz3iid1f79357x620y-texlive-combined-2023-texmfdist/te
x/latex/amsfonts/umsb.fd
File: umsb.fd 2013/01/14 v3.01 AMS symbols B
) (./out/notes.toc)
\tf@toc=\write4
\openout4 = `./out/notes.toc'.

) [1

{/nix/store/y9cyq6a82myzlzi98adn02scar5c8wx6-texlive-combined-2023/share/texmf-
var/fonts/map/pdftex/updmap/pdftex.map}{/nix/store/yrl2adq1vnn9xwcz3iid1f79357x
620y-texlive-combined-2023-texmfdist/fonts/enc/dvips/dejavu/dejavuserif_t1-type
1.enc}]
LaTeX Info: Symbol \textreferencemark not provided by
            font family DejaVuSerif-TLF in TS1 encoding.
            Default family used instead on input line 24.
Package hyperref Info: bookmark level for unknown definition defaults to 0 on i
nput line 28.
LaTeX Font Info:    Trying to load font information for TS1+DejaVuSerif-TLF on 
input line 32.

(/nix/store/yrl2adq1vnn9xwcz3iid1f79357x620y-texlive-combined-2023-texmfdist/te
x/latex/dejavu/TS1DejaVuSerif-TLF.fd
File: TS1DejaVuSerif-TLF.fd 2011/06/01 Font definitions for TS1/DejaVuSerif-TLF
.
)
Package hyperref Info: bookmark level for unknown theorem defaults to 0 on inpu
t line 47.
Package hyperref Info: bookmark level for unknown remark defaults to 0 on input
 line 73.
LaTeX Info: Symbol \textreferencemark not provided by
            font family DejaVuSerif-TLF in TS1 encoding.
            Default family used instead on input line 91.
 [2{/nix/store/yrl2adq1vnn9xwcz3iid1f79357x620y-texlive-combined-2023-texmfdist
/fonts/enc/dvips/cm-super/cm-super-ts1.enc}{/nix/store/yrl2adq1vnn9xwcz3iid1f79
357x620y-texlive-combined-2023-texmfdist/fonts/enc/dvips/dejavu/dejavuserif_ts1
.enc}] [3]
! Misplaced alignment tab character &.
l.197 \text{dec}(999 \ldots) &
                              = \sum_{n=1}^{\infty} \frac{1}{10^{n}} f(9) \\
? 
[4] [5] (./out/notes.aux)
 ***********
LaTeX2e <2023-11-01> patch level 1
L3 programming layer <2024-02-20>
 ***********
Package rerunfilecheck Info: File `./out/notes.out' has not changed.
(rerunfilecheck)             Checksum: E3DE5B8EA3A3CB050C03A701E0DAE26D;1271.
 ) 
Here is how much of TeX's memory you used:
 11877 strings out of 475230
 197458 string characters out of 5751327
 1944187 words of memory out of 5000000
 33814 multiletter control sequences out of 15000+600000
 587512 words of font info for 85 fonts, out of 8000000 for 9000
 430 hyphenation exceptions out of 8191
 85i,12n,93p,608b,634s stack positions out of 10000i,1000n,20000p,200000b,200000s
</nix/store/yrl2adq1vnn9xwcz3iid1f79357x620y-texlive-combined-2023-texmfdist/
fonts/type1/public/dejavu/DejaVuSerif-Bold.pfb></nix/store/yrl2adq1vnn9xwcz3iid
1f79357x620y-texlive-combined-2023-texmfdist/fonts/type1/public/dejavu/DejaVuSe
rif-BoldItalic.pfb></nix/store/yrl2adq1vnn9xwcz3iid1f79357x620y-texlive-combine
d-2023-texmfdist/fonts/type1/public/dejavu/DejaVuSerif-Italic.pfb></nix/store/y
rl2adq1vnn9xwcz3iid1f79357x620y-texlive-combined-2023-texmfdist/fonts/type1/pub
lic/dejavu/DejaVuSerif.pfb></nix/store/yrl2adq1vnn9xwcz3iid1f79357x620y-texlive
-combined-2023-texmfdist/fonts/type1/public/amsfonts/cm/cmex10.pfb></nix/store/
yrl2adq1vnn9xwcz3iid1f79357x620y-texlive-combined-2023-texmfdist/fonts/type1/pu
blic/amsfonts/cm/cmmi10.pfb></nix/store/yrl2adq1vnn9xwcz3iid1f79357x620y-texliv
e-combined-2023-texmfdist/fonts/type1/public/amsfonts/cm/cmmi7.pfb></nix/store/
yrl2adq1vnn9xwcz3iid1f79357x620y-texlive-combined-2023-texmfdist/fonts/type1/pu
blic/amsfonts/cm/cmr10.pfb></nix/store/yrl2adq1vnn9xwcz3iid1f79357x620y-texlive
-combined-2023-texmfdist/fonts/type1/public/amsfonts/cm/cmr7.pfb></nix/store/yr
l2adq1vnn9xwcz3iid1f79357x620y-texlive-combined-2023-texmfdist/fonts/type1/publ
ic/amsfonts/cm/cmsy10.pfb></nix/store/yrl2adq1vnn9xwcz3iid1f79357x620y-texlive-
combined-2023-texmfdist/fonts/type1/public/amsfonts/cm/cmsy7.pfb></nix/store/yr
l2adq1vnn9xwcz3iid1f79357x620y-texlive-combined-2023-texmfdist/fonts/type1/publ
ic/amsfonts/symbols/msbm10.pfb></nix/store/yrl2adq1vnn9xwcz3iid1f79357x620y-tex
live-combined-2023-texmfdist/fonts/type1/public/cm-super/sfrm1728.pfb>
Output written on ./out/notes.pdf (5 pages, 149122 bytes).
PDF statistics:
 168 PDF objects out of 1000 (max. 8388607)
 132 compressed objects within 2 object streams
 34 named destinations out of 1000 (max. 500000)
 57 words of extra memory for PDF output out of 10000 (max. 10000000)

